4-assembly/android/mixc-retail-assembly-rn84/android/app/build/outputs/mapping/release/seeds.txt
com.impos2.mixcretailassemblyrn84.turbomodules.NativeLoggerTurboModuleSpec
com.impos2.mixcretailassemblyrn84.turbomodules.NativeStateStorageTurboModuleSpec
com.impos2.mixcretailassemblyrn84.turbomodules.ScriptsTurboModule
com.impos2.mixcretailassemblyrn84.MainApplication
com.impos2.mixcretailassemblyrn84.turbomodules.DeviceTurboModule
com.impos2.mixcretailassemblyrn84.turbomodules.NativeAppControlTurboModuleSpec
com.impos2.mixcretailassemblyrn84.turbomodules.NativeHotUpdateTurboModuleSpec
com.impos2.mixcretailassemblyrn84.turbomodules.LoggerTurboModule
com.impos2.mixcretailassemblyrn84.turbomodules.NativeConnectorTurboModuleSpec
com.impos2.mixcretailassemblyrn84.turbomodules.NativeTopologyHostTurboModuleSpec
com.impos2.mixcretailassemblyrn84.turbomodules.NativeAutomationTurboModuleSpec
com.impos2.mixcretailassemblyrn84.turbomodules.NativeScriptsTurboModuleSpec
com.impos2.mixcretailassemblyrn84.SecondaryActivity
com.impos2.mixcretailassemblyrn84.turbomodules.AppControlTurboModule
com.impos2.mixcretailassemblyrn84.turbomodules.ConnectorTurboModule
com.impos2.mixcretailassemblyrn84.turbomodules.HotUpdateTurboModule
com.impos2.mixcretailassemblyrn84.turbomodules.TopologyHostTurboModule
com.impos2.mixcretailassemblyrn84.turbomodules.StateStorageTurboModule
com.impos2.mixcretailassemblyrn84.MainActivity
com.impos2.mixcretailassemblyrn84.turbomodules.NativeDeviceTurboModuleSpec
com.impos2.mixcretailassemblyrn84.turbomodules.AutomationTurboModule
com.impos2.mixcretailassemblyrn84.turbomodules.ScriptsTurboModule: java.util.concurrent.ExecutorService scriptExecutor
com.impos2.mixcretailassemblyrn84.turbomodules.DeviceTurboModule: java.util.Set powerStatusListenerIds
com.impos2.mixcretailassemblyrn84.turbomodules.HotUpdateTurboModule: boolean invalidated
com.impos2.mixcretailassemblyrn84.turbomodules.ConnectorTurboModule: kotlin.jvm.functions.Function0 removeStreamListener
com.impos2.mixcretailassemblyrn84.turbomodules.NativeDeviceTurboModuleSpec: java.lang.String NAME
com.impos2.mixcretailassemblyrn84.turbomodules.TopologyHostTurboModule: java.lang.String NAME
com.impos2.mixcretailassemblyrn84.turbomodules.LoggerTurboModule: kotlin.Lazy logManager$delegate
com.impos2.mixcretailassemblyrn84.turbomodules.HotUpdateTurboModule: com.impos2.mixcretailassemblyrn84.turbomodules.HotUpdateTurboModule$Companion Companion
com.impos2.mixcretailassemblyrn84.turbomodules.AutomationTurboModule: long DISPATCH_TIMEOUT_PADDING_MS
com.impos2.mixcretailassemblyrn84.turbomodules.AutomationTurboModule: com.impos2.adapterv2.automation.AutomationSocketServer server
com.impos2.mixcretailassemblyrn84.turbomodules.NativeLoggerTurboModuleSpec: java.lang.String NAME
com.impos2.mixcretailassemblyrn84.turbomodules.NativeStateStorageTurboModuleSpec: java.lang.String NAME
com.impos2.mixcretailassemblyrn84.turbomodules.AppControlTurboModule: java.lang.String NAME
com.impos2.mixcretailassemblyrn84.turbomodules.ConnectorTurboModule: java.lang.String NAME
com.impos2.mixcretailassemblyrn84.turbomodules.DeviceTurboModule: java.lang.String NAME
com.impos2.mixcretailassemblyrn84.turbomodules.ConnectorTurboModule: java.lang.String EVENT_STREAM
com.impos2.mixcretailassemblyrn84.turbomodules.HotUpdateTurboModule: java.util.concurrent.atomic.AtomicLong taskSequence
com.impos2.mixcretailassemblyrn84.turbomodules.AutomationTurboModule: java.lang.String EVENT_AUTOMATION_MESSAGE
com.impos2.mixcretailassemblyrn84.turbomodules.HotUpdateTurboModule: java.lang.String NAME
com.impos2.mixcretailassemblyrn84.turbomodules.AppControlTurboModule: kotlin.Lazy appControlManager$delegate
com.impos2.mixcretailassemblyrn84.turbomodules.NativeConnectorTurboModuleSpec: java.lang.String NAME
com.impos2.mixcretailassemblyrn84.turbomodules.AutomationTurboModule: com.impos2.mixcretailassemblyrn84.turbomodules.AutomationTurboModule$Companion Companion
com.impos2.mixcretailassemblyrn84.turbomodules.ScriptsTurboModule: boolean invalidated
...
com.facebook.react.internal.featureflags.ReactNativeFeatureFlagsCxxInterop: boolean enableLayoutAnimationsOnAndroid()
androidx.appcompat.widget.AlertDialogLayout: AlertDialogLayout(android.content.Context,android.util.AttributeSet)
com.facebook.react.animated.NativeAnimatedModule: void setAnimatedNodeOffset(double,double)
com.facebook.react.animated.EventAnimationDriver: void receiveEvent(int,int,java.lang.String,boolean,int,com.facebook.react.bridge.WritableMap,int)
androidx.camera.core.internal.compat.quirk.SurfaceOrderQuirk: SurfaceOrderQuirk()
com.facebook.react.bridge.BridgeReactContext: void raiseCatalystInstanceMissingException()
androidx.core.widget.NestedScrollView: void setOnScrollChangeListener(androidx.core.widget.NestedScrollView$OnScrollChangeListener)
androidx.appcompat.widget.Toolbar: android.view.View getNavButtonView()
com.facebook.react.uimanager.style.BorderRadiusProp: com.facebook.react.uimanager.style.BorderRadiusProp valueOf(java.lang.String)
com.facebook.react.modules.i18nmanager.I18nManagerModule: void forceRTL(boolean)
com.facebook.fbreact.specs.NativeDevSettingsSpec: java.lang.String getName()
androidx.appcompat.widget.Toolbar: void setSubtitle(java.lang.CharSequence)
com.facebook.fbreact.specs.NativeAnimatedModuleSpec: void startOperationBatch()
androidx.camera.core.ImageProcessingUtil: int nativeConvertAndroid420ToABGR(java.nio.ByteBuffer,int,java.nio.ByteBuffer,int,java.nio.ByteBuffer,int,int,int,android.view.Surface,java.nio.ByteBuffer,int,int,int,int,int,int)
androidx.appcompat.widget.Toolbar: java.lang.CharSequence getTitle()
com.facebook.react.animated.NativeAnimatedModule: void access$decrementInFlightAnimationsForViewTag(com.facebook.react.animated.NativeAnimatedModule,int)
com.horcrux.svg.RenderableViewManager$PathViewManager: void setFilter(android.view.View,java.lang.String)
com.facebook.react.views.modal.ReactModalHostManager: void setSupportedOrientations(com.facebook.react.views.modal.ReactModalHostView,com.facebook.react.bridge.ReadableArray)
androidx.appcompat.widget.AppCompatEditText: android.graphics.PorterDuff$Mode getSupportBackgroundTintMode()
com.horcrux.svg.RenderableViewManager$UseViewManager: void setStrokeDashoffset(android.view.View,float)
com.horcrux.svg.RenderableViewManager$TextPathViewManager: void setStartOffset(com.horcrux.svg.TextPathView,com.facebook.react.bridge.Dynamic)
com.facebook.react.bridge.CatalystInstance: com.facebook.react.bridge.JavaScriptContextHolder getJavaScriptContextHolder()
com.facebook.react.views.switchview.ReactSwitchManager: com.facebook.react.views.switchview.ReactSwitch createViewInstance(com.facebook.react.uimanager.ThemedReactContext)
com.google.android.gms.internal.mlkit_vision_barcode.zzra: com.google.android.gms.internal.mlkit_vision_barcode.zzra[] values()
com.facebook.yoga.YogaNative: void jni_YGNodeStyleSetFlexBasisPercentJNI(long,float)
com.horcrux.svg.RenderableViewManager$ForeignObjectManager: void setPointerEvents(android.view.View,java.lang.String)
com.facebook.react.modules.appstate.AppStateModule: void onHostDestroy()
com.facebook.react.views.view.ReactViewGroup: android.view.View getChildAtWithSubviewClippingEnabled$ReactAndroid_release(int)
com.horcrux.svg.RenderableViewManager$UseViewManager: void setHeight(com.horcrux.svg.UseView,com.facebook.react.bridge.Dynamic)
com.facebook.react.bridge.ReactContext: void handleException(java.lang.Exception)
com.horcrux.svg.RenderableViewManager$DefsViewManager: void setOpacity(android.view.View,float)
androidx.swiperefreshlayout.widget.SwipeRefreshLayout: void setProgressBackgroundColorSchemeColor(int)
androidx.appcompat.widget.AppCompatTextViewAutoSizeHelper$Api23Impl: android.text.StaticLayout createStaticLayoutForMeasuring(java.lang.CharSequence,android.text.Layout$Alignment,int,int,android.widget.TextView,android.text.TextPaint,androidx.appcompat.widget.AppCompatTextViewAutoSizeHelper$Impl)